<?xml version="1.0" encoding="UTF-8"?>
<!-- Generated by org.testng.reporters.JUnitXMLReporter -->
<testsuite ignored="0" hostname="DESKTOP-CUU290R" failures="2" tests="24" name="FlipkartTest" time="2.434" errors="0" timestamp="29 Jun 2021 08:04:48 GMT">
  <testcase classname="com.facebook.Tests.FlipkartLoginTest" name="@BeforeClass setupSystem" time="0.012">
    <failure type="java.io.FileNotFoundException" message="D:\Study\Testing Class\local\facebook\src\main\java\com\facebook\Reporters\config.properties (The system cannot find the path specified)">
      <![CDATA[java.io.FileNotFoundException: D:\Study\Testing Class\local\facebook\src\main\java\com\facebook\Reporters\config.properties (The system cannot find the path specified)
at java.base/java.io.FileInputStream.open0(Native Method)
at java.base/java.io.FileInputStream.open(FileInputStream.java:211)
at java.base/java.io.FileInputStream.<init>(FileInputStream.java:153)
at java.base/java.io.FileInputStream.<init>(FileInputStream.java:108)
at com.facebook.base.BaseClass.callProperty(BaseClass.java:21)
at com.facebook.Tests.FlipkartLoginTest.setupSystem(FlipkartLoginTest.java:36)
... Removed 26 stack frames]]>
    </failure>
  </testcase> <!-- @BeforeClass setupSystem -->
  <testcase classname="com.facebook.Tests.FlipkartLoginTest" name="@BeforeMethod waits" time="0.0">
    <skipped/>
  </testcase> <!-- @BeforeMethod waits -->
  <testcase classname="com.facebook.Tests.FlipkartLoginTest" name="@AfterMethod listenLoginPage" time="0.0">
    <skipped/>
  </testcase> <!-- @AfterMethod listenLoginPage -->
  <testcase classname="com.facebook.Tests.FlipkartLoginTest" name="@BeforeMethod waits" time="0.0">
    <skipped/>
  </testcase> <!-- @BeforeMethod waits -->
  <testcase classname="com.facebook.Tests.FlipkartLoginTest" name="@AfterMethod listenLoginPage" time="0.0">
    <skipped/>
  </testcase> <!-- @AfterMethod listenLoginPage -->
  <testcase classname="com.facebook.Tests.FlipkartLoginTest" name="@BeforeMethod waits" time="0.0">
    <skipped/>
  </testcase> <!-- @BeforeMethod waits -->
  <testcase classname="com.facebook.Tests.FlipkartLoginTest" name="@AfterMethod listenLoginPage" time="0.0">
    <skipped/>
  </testcase> <!-- @AfterMethod listenLoginPage -->
  <testcase classname="com.facebook.Tests.FlipkartLoginTest" name="@BeforeMethod waits" time="0.0">
    <skipped/>
  </testcase> <!-- @BeforeMethod waits -->
  <testcase classname="com.facebook.Tests.FlipkartLoginTest" name="@AfterMethod listenLoginPage" time="0.0">
    <skipped/>
  </testcase> <!-- @AfterMethod listenLoginPage -->
  <testcase classname="com.facebook.Tests.FlipkartLoginTest" name="@BeforeMethod waits" time="0.0">
    <skipped/>
  </testcase> <!-- @BeforeMethod waits -->
  <testcase classname="com.facebook.Tests.FlipkartLoginTest" name="@AfterMethod listenLoginPage" time="0.0">
    <skipped/>
  </testcase> <!-- @AfterMethod listenLoginPage -->
  <testcase classname="com.facebook.Tests.FlipkartLoginTest" name="@BeforeMethod waits" time="0.0">
    <skipped/>
  </testcase> <!-- @BeforeMethod waits -->
  <testcase classname="com.facebook.Tests.FlipkartLoginTest" name="@AfterMethod listenLoginPage" time="0.0">
    <skipped/>
  </testcase> <!-- @AfterMethod listenLoginPage -->
  <testcase classname="com.facebook.Tests.FlipkartLoginTest" name="@AfterClass switchToHomePage" time="0.0">
    <skipped/>
  </testcase> <!-- @AfterClass switchToHomePage -->
  <testcase classname="com.facebook.Tests.FlipkartHomeTest" name="@AfterMethod listenLoginPage" time="0.004">
    <failure type="java.lang.NullPointerException" message="Cannot invoke &amp;quot;org.openqa.selenium.TakesScreenshot.getScreenshotAs(org.openqa.selenium.OutputType)&amp;quot; because &amp;quot;driver&amp;quot; is null">
      <![CDATA[java.lang.NullPointerException: Cannot invoke "org.openqa.selenium.TakesScreenshot.getScreenshotAs(org.openqa.selenium.OutputType)" because "driver" is null
at com.facebook.utilities.UtilityClass.Screenshot(UtilityClass.java:38)
at com.facebook.Tests.FlipkartHomeTest.listenLoginPage(FlipkartHomeTest.java:149)
... Removed 28 stack frames]]>
    </failure>
  </testcase> <!-- @AfterMethod listenLoginPage -->
  <testcase classname="com.facebook.Tests.FlipkartHomeTest" name="@BeforeMethod systemWait" time="0.0">
    <skipped/>
  </testcase> <!-- @BeforeMethod systemWait -->
  <testcase classname="com.facebook.Tests.FlipkartHomeTest" name="@AfterMethod listenLoginPage" time="0.0">
    <skipped/>
  </testcase> <!-- @AfterMethod listenLoginPage -->
  <testcase classname="com.facebook.Tests.FlipkartHomeTest" name="@BeforeMethod systemWait" time="0.0">
    <skipped/>
  </testcase> <!-- @BeforeMethod systemWait -->
  <testcase classname="com.facebook.Tests.FlipkartHomeTest" name="@AfterMethod listenLoginPage" time="0.0">
    <skipped/>
  </testcase> <!-- @AfterMethod listenLoginPage -->
  <testcase classname="com.facebook.Tests.FlipkartHomeTest" name="@BeforeMethod systemWait" time="0.0">
    <skipped/>
  </testcase> <!-- @BeforeMethod systemWait -->
  <testcase classname="com.facebook.Tests.FlipkartHomeTest" name="@AfterMethod listenLoginPage" time="0.0">
    <skipped/>
  </testcase> <!-- @AfterMethod listenLoginPage -->
  <testcase classname="com.facebook.Tests.FlipkartHomeTest" name="@BeforeMethod systemWait" time="0.0">
    <skipped/>
  </testcase> <!-- @BeforeMethod systemWait -->
  <testcase classname="com.facebook.Tests.FlipkartHomeTest" name="@AfterMethod listenLoginPage" time="0.0">
    <skipped/>
  </testcase> <!-- @AfterMethod listenLoginPage -->
  <testcase classname="com.facebook.Tests.FlipkartHomeTest" name="@BeforeMethod systemWait" time="0.0">
    <skipped/>
  </testcase> <!-- @BeforeMethod systemWait -->
  <testcase classname="com.facebook.Tests.FlipkartHomeTest" name="@AfterMethod listenLoginPage" time="0.0">
    <skipped/>
  </testcase> <!-- @AfterMethod listenLoginPage -->
  <testcase classname="com.facebook.Tests.FlipkartHomeTest" name="@BeforeMethod systemWait" time="0.0">
    <skipped/>
  </testcase> <!-- @BeforeMethod systemWait -->
  <testcase classname="com.facebook.Tests.FlipkartHomeTest" name="@AfterMethod listenLoginPage" time="0.0">
    <skipped/>
  </testcase> <!-- @AfterMethod listenLoginPage -->
  <testcase classname="com.facebook.Tests.FlipkartHomeTest" name="@BeforeMethod systemWait" time="0.0">
    <skipped/>
  </testcase> <!-- @BeforeMethod systemWait -->
  <testcase classname="com.facebook.Tests.FlipkartHomeTest" name="@AfterMethod listenLoginPage" time="0.0">
    <skipped/>
  </testcase> <!-- @AfterMethod listenLoginPage -->
  <testcase classname="com.facebook.Tests.FlipkartHomeTest" name="@BeforeMethod systemWait" time="0.0">
    <skipped/>
  </testcase> <!-- @BeforeMethod systemWait -->
  <testcase classname="com.facebook.Tests.FlipkartHomeTest" name="@AfterMethod listenLoginPage" time="0.0">
    <skipped/>
  </testcase> <!-- @AfterMethod listenLoginPage -->
  <testcase classname="com.facebook.Tests.FlipkartHomeTest" name="@BeforeMethod systemWait" time="0.0">
    <skipped/>
  </testcase> <!-- @BeforeMethod systemWait -->
  <testcase classname="com.facebook.Tests.FlipkartHomeTest" name="@AfterMethod listenLoginPage" time="0.0">
    <skipped/>
  </testcase> <!-- @AfterMethod listenLoginPage -->
  <testcase classname="com.facebook.Tests.FlipkartHomeTest" name="@BeforeMethod systemWait" time="0.0">
    <skipped/>
  </testcase> <!-- @BeforeMethod systemWait -->
  <testcase classname="com.facebook.Tests.FlipkartHomeTest" name="@AfterMethod listenLoginPage" time="0.0">
    <skipped/>
  </testcase> <!-- @AfterMethod listenLoginPage -->
  <testcase classname="com.facebook.Tests.FlipkartHomeTest" name="@BeforeMethod systemWait" time="0.0">
    <skipped/>
  </testcase> <!-- @BeforeMethod systemWait -->
  <testcase classname="com.facebook.Tests.FlipkartHomeTest" name="@AfterMethod listenLoginPage" time="0.0">
    <skipped/>
  </testcase> <!-- @AfterMethod listenLoginPage -->
  <testcase classname="com.facebook.Tests.FlipkartHomeTest" name="@BeforeMethod systemWait" time="0.0">
    <skipped/>
  </testcase> <!-- @BeforeMethod systemWait -->
  <testcase classname="com.facebook.Tests.FlipkartHomeTest" name="@AfterMethod listenLoginPage" time="0.0">
    <skipped/>
  </testcase> <!-- @AfterMethod listenLoginPage -->
  <testcase classname="com.facebook.Tests.FlipkartHomeTest" name="@AfterClass switchToElectronicsPage" time="0.0">
    <skipped/>
  </testcase> <!-- @AfterClass switchToElectronicsPage -->
  <testcase classname="com.facebook.Tests.FlipkartElectronicsTest" name="@AfterMethod listenLoginPage" time="0.002">
    <failure type="java.lang.NullPointerException" message="Cannot invoke &amp;quot;org.openqa.selenium.TakesScreenshot.getScreenshotAs(org.openqa.selenium.OutputType)&amp;quot; because &amp;quot;driver&amp;quot; is null">
      <![CDATA[java.lang.NullPointerException: Cannot invoke "org.openqa.selenium.TakesScreenshot.getScreenshotAs(org.openqa.selenium.OutputType)" because "driver" is null
at com.facebook.utilities.UtilityClass.Screenshot(UtilityClass.java:38)
at com.facebook.Tests.FlipkartElectronicsTest.listenLoginPage(FlipkartElectronicsTest.java:61)
... Removed 28 stack frames]]>
    </failure>
  </testcase> <!-- @AfterMethod listenLoginPage -->
  <testcase classname="com.facebook.Tests.FlipkartElectronicsTest" name="@AfterClass quitBrowser" time="0.0">
    <skipped/>
  </testcase> <!-- @AfterClass quitBrowser -->
  <testcase classname="com.facebook.Tests.FlipkartHomeTest" name="@AfterTest handOver" time="0.0">
    <skipped/>
  </testcase> <!-- @AfterTest handOver -->
  <testcase classname="com.facebook.Tests.FlipkartLoginTest" name="validateForgotLink" time="0.0">
    <skipped/>
  </testcase> <!-- validateForgotLink -->
  <testcase classname="com.facebook.Tests.FlipkartLoginTest" name="validateLoginHeader" time="0.0">
    <skipped/>
  </testcase> <!-- validateLoginHeader -->
  <testcase classname="com.facebook.Tests.FlipkartLoginTest" name="validateRequestOTPLink" time="0.0">
    <skipped/>
  </testcase> <!-- validateRequestOTPLink -->
  <testcase classname="com.facebook.Tests.FlipkartLoginTest" name="validateTermsPoliciesLink" time="0.0">
    <skipped/>
  </testcase> <!-- validateTermsPoliciesLink -->
  <testcase classname="com.facebook.Tests.FlipkartLoginTest" name="validateUserFieldonLoginPage" time="0.0">
    <skipped/>
  </testcase> <!-- validateUserFieldonLoginPage -->
  <testcase classname="com.facebook.Tests.FlipkartLoginTest" name="validateCreateAccountLink" time="0.0">
    <skipped/>
  </testcase> <!-- validateCreateAccountLink -->
  <testcase classname="com.facebook.Tests.FlipkartLoginTest" name="validatePasswordFieldonLoginPage" time="0.0">
    <skipped/>
  </testcase> <!-- validatePasswordFieldonLoginPage -->
  <testcase classname="com.facebook.Tests.FlipkartLoginTest" name="validateLoginButtonClickAction" time="0.0">
    <skipped/>
  </testcase> <!-- validateLoginButtonClickAction -->
  <testcase classname="com.facebook.Tests.FlipkartHomeTest" name="FlipkartAboutUsLinkTest" time="0.003">
    <failure type="java.lang.NullPointerException" message="Cannot invoke &amp;quot;org.openqa.selenium.JavascriptExecutor.executeScript(String, Object[])&amp;quot; because &amp;quot;js&amp;quot; is null">
      <![CDATA[java.lang.NullPointerException: Cannot invoke "org.openqa.selenium.JavascriptExecutor.executeScript(String, Object[])" because "js" is null
at com.facebook.Pages.FlipkartHomePage.checkFlipkartAboutUs(FlipkartHomePage.java:123)
at com.facebook.Tests.FlipkartHomeTest.FlipkartAboutUsLinkTest(FlipkartHomeTest.java:132)
... Removed 25 stack frames]]>
    </failure>
  </testcase> <!-- FlipkartAboutUsLinkTest -->
  <testcase classname="com.facebook.Tests.FlipkartHomeTest" name="FlipkartAppliancesTest" time="0.0">
    <skipped/>
  </testcase> <!-- FlipkartAppliancesTest -->
  <testcase classname="com.facebook.Tests.FlipkartHomeTest" name="FlipkartElectronicsTest" time="0.0">
    <skipped/>
  </testcase> <!-- FlipkartElectronicsTest -->
  <testcase classname="com.facebook.Tests.FlipkartHomeTest" name="FlipkartFashionTest" time="0.0">
    <skipped/>
  </testcase> <!-- FlipkartFashionTest -->
  <testcase classname="com.facebook.Tests.FlipkartHomeTest" name="FlipkartGroceryTest" time="0.0">
    <skipped/>
  </testcase> <!-- FlipkartGroceryTest -->
  <testcase classname="com.facebook.Tests.FlipkartHomeTest" name="FlipkartHomeOptionTest" time="0.0">
    <skipped/>
  </testcase> <!-- FlipkartHomeOptionTest -->
  <testcase classname="com.facebook.Tests.FlipkartHomeTest" name="FlipkartHomePageLogoTest" time="0.0">
    <skipped/>
  </testcase> <!-- FlipkartHomePageLogoTest -->
  <testcase classname="com.facebook.Tests.FlipkartHomeTest" name="FlipkartMobilesTest" time="0.0">
    <skipped/>
  </testcase> <!-- FlipkartMobilesTest -->
  <testcase classname="com.facebook.Tests.FlipkartHomeTest" name="FlipkartOffersTest" time="0.0">
    <skipped/>
  </testcase> <!-- FlipkartOffersTest -->
  <testcase classname="com.facebook.Tests.FlipkartHomeTest" name="FlipkartOthersTest" time="0.0">
    <skipped/>
  </testcase> <!-- FlipkartOthersTest -->
  <testcase classname="com.facebook.Tests.FlipkartHomeTest" name="FlipkartShoppingCartTest" time="0.0">
    <skipped/>
  </testcase> <!-- FlipkartShoppingCartTest -->
  <testcase classname="com.facebook.Tests.FlipkartHomeTest" name="FlipkartTravelTest" time="0.0">
    <skipped/>
  </testcase> <!-- FlipkartTravelTest -->
  <testcase classname="com.facebook.Tests.FlipkartHomeTest" name="LaptopsNDesktopTest" time="0.0">
    <skipped/>
  </testcase> <!-- LaptopsNDesktopTest -->
  <testcase classname="com.facebook.Tests.FlipkartElectronicsTest" name="checkNSetPriceBarTest" time="0.005">
    <failure type="java.lang.NullPointerException" message="Cannot invoke &amp;quot;org.openqa.selenium.SearchContext.findElement(org.openqa.selenium.By)&amp;quot; because &amp;quot;this.searchContext&amp;quot; is null">
      <![CDATA[java.lang.NullPointerException: Cannot invoke "org.openqa.selenium.SearchContext.findElement(org.openqa.selenium.By)" because "this.searchContext" is null
at org.openqa.selenium.support.pagefactory.DefaultElementLocator.findElement(DefaultElementLocator.java:69)
at org.openqa.selenium.support.pagefactory.internal.LocatingElementHandler.invoke(LocatingElementHandler.java:38)
at jdk.proxy2/jdk.proxy2.$Proxy15.isEnabled(Unknown Source)
at com.facebook.Pages.FlipkartElectronicsPage.checkNSetPriceBar(FlipkartElectronicsPage.java:31)
at com.facebook.Tests.FlipkartElectronicsTest.checkNSetPriceBarTest(FlipkartElectronicsTest.java:36)
... Removed 25 stack frames]]>
    </failure>
  </testcase> <!-- checkNSetPriceBarTest -->
  <testcase classname="com.facebook.Tests.FlipkartElectronicsTest" name="DesiredProcessorTest" time="0.0">
    <skipped/>
  </testcase> <!-- DesiredProcessorTest -->
  <testcase classname="com.facebook.Tests.FlipkartElectronicsTest" name="extractPriceOfFirstLaptopTest" time="0.001">
    <skipped/>
  </testcase> <!-- extractPriceOfFirstLaptopTest -->
</testsuite> <!-- FlipkartTest -->
